<?xml version="1.0" encoding="UTF-8"?>
<!-- Generated by org.testng.reporters.JUnitReportReporter -->
<testsuite hostname="Dell_pc" failures="0" tests="1" name="testcases.InvestmentToolTest" time="5.404" errors="0" timestamp="2021-01-19T17:38:24 IST" skipped="0">
  <testcase classname="testcases.InvestmentToolTest" name="investmentTool" time="5.404"/>
  <system-out/>
</testsuite> <!-- testcases.InvestmentToolTest -->
