<?xml version="1.0" encoding="UTF-8"?>
<!-- Generated by org.testng.reporters.JUnitReportReporter -->
<testsuite hostname="Dell_pc" failures="0" tests="1" name="testcases.ForexTest" time="26.674" errors="0" timestamp="2021-01-19T17:40:52 IST" skipped="0">
  <testcase classname="testcases.ForexTest" name="forex" time="26.674"/>
  <system-out/>
</testsuite> <!-- testcases.ForexTest -->
