<?xml version="1.0" encoding="UTF-8"?>
<!-- Generated by org.testng.reporters.JUnitReportReporter -->
<testsuite hostname="Dell_pc" failures="0" tests="2" name="testcases.LoginapplicationTest" time="203.418" errors="0" timestamp="2021-01-19T17:19:10 IST" skipped="0">
  <testcase classname="testcases.LoginapplicationTest" name="login" time="36.022"/>
  <system-out/>
  <testcase classname="testcases.LoginapplicationTest" name="login" time="167.396"/>
  <system-out/>
</testsuite> <!-- testcases.LoginapplicationTest -->
