<?xml version="1.0" encoding="UTF-8"?>
<!-- Generated by org.testng.reporters.JUnitReportReporter -->
<testsuite hostname="Dell_pc" failures="0" tests="2" name="testcases.Loginapplication" time="48.852" errors="0" timestamp="2020-12-24T17:28:18 IST" skipped="0">
  <testcase classname="testcases.Loginapplication" name="login" time="16.859"/>
  <system-out/>
  <testcase classname="testcases.Loginapplication" name="login" time="31.993"/>
  <system-out/>
</testsuite> <!-- testcases.Loginapplication -->
