<?xml version="1.0" encoding="UTF-8"?>
<!-- Generated by org.testng.reporters.JUnitReportReporter -->
<testsuite hostname="Dell_pc" failures="0" tests="1" name="cucumberOptions.TestRunner" time="94.871" errors="0" timestamp="2021-01-20T20:06:20 IST" skipped="0">
  <testcase classname="cucumberOptions.TestRunner" name="feature" time="94.871"/>
  <system-out/>
</testsuite> <!-- cucumberOptions.TestRunner -->
