<?xml version="1.0" encoding="UTF-8"?>
<!-- Generated by org.testng.reporters.JUnitReportReporter -->
<testsuite hostname="Dell_pc" failures="0" tests="1" name="testcases.InvestmentTool" time="4.870" errors="0" timestamp="2020-12-24T16:56:20 IST" skipped="0">
  <testcase classname="testcases.InvestmentTool" name="investmentTool" time="4.870"/>
  <system-out/>
</testsuite> <!-- testcases.InvestmentTool -->
