<?xml version="1.0" encoding="UTF-8"?>
<!-- Generated by org.testng.reporters.JUnitReportReporter -->
<testsuite hostname="Dell_pc" failures="0" tests="1" name="testcases.Forex" time="2.741" errors="0" timestamp="2020-12-28T18:58:43 IST" skipped="0">
  <testcase classname="testcases.Forex" name="forex" time="2.741"/>
  <system-out/>
</testsuite> <!-- testcases.Forex -->
